<?xml version="1.0" encoding="UTF-8"?>
<testng-results skipped="0" failed="0" total="1" passed="1">
  <reporter-output>
  </reporter-output>
  <suite name="Default suite" duration-ms="24999" started-at="2022-06-18T17:12:47Z" finished-at="2022-06-18T17:13:12Z">
    <groups>
      <group name="cucumber">
        <method signature="TestRunner.feature(cucumber.api.testng.CucumberFeatureWrapper)[pri:0, instance:com.cucumberFramework.testRunner.TestRunner@34780cd9]" name="feature" class="com.cucumberFramework.testRunner.TestRunner"/>
      </group> <!-- cucumber -->
    </groups>
    <test name="Default test" duration-ms="24999" started-at="2022-06-18T17:12:47Z" finished-at="2022-06-18T17:13:12Z">
      <class name="com.cucumberFramework.testRunner.TestRunner">
        <test-method status="PASS" signature="setUpClass()[pri:0, instance:com.cucumberFramework.testRunner.TestRunner@34780cd9]" name="setUpClass" is-config="true" duration-ms="603" started-at="2022-06-18T22:42:47Z" finished-at="2022-06-18T22:42:48Z">
          <reporter-output>
          </reporter-output>
        </test-method> <!-- setUpClass -->
        <test-method status="PASS" signature="feature(cucumber.api.testng.CucumberFeatureWrapper)[pri:0, instance:com.cucumberFramework.testRunner.TestRunner@34780cd9]" name="feature" duration-ms="24245" started-at="2022-06-18T22:42:48Z" description="Runs cucmber Features" data-provider="features" finished-at="2022-06-18T22:43:12Z">
          <params>
            <param index="0">
              <value>
                <![CDATA[Wallethub review scenario]]>
              </value>
            </param>
          </params>
          <reporter-output>
          </reporter-output>
        </test-method> <!-- feature -->
        <test-method status="PASS" signature="testDownClass()[pri:0, instance:com.cucumberFramework.testRunner.TestRunner@34780cd9]" name="testDownClass" is-config="true" duration-ms="3" started-at="2022-06-18T22:43:12Z" finished-at="2022-06-18T22:43:12Z">
          <reporter-output>
          </reporter-output>
        </test-method> <!-- testDownClass -->
      </class> <!-- com.cucumberFramework.testRunner.TestRunner -->
    </test> <!-- Default test -->
  </suite> <!-- Default suite -->
</testng-results>
